app/build/outputs/logs/manifest-merger-debug-report.txt
-- Merging decision tree log ---
manifest
ADDED from src/main/AndroidManifest.xml:2:1-182:12
	package
		ADDED from src/main/AndroidManifest.xml:3:5-31
		INJECTED from src/main/AndroidManifest.xml
		INJECTED from src/main/AndroidManifest.xml
	android:versionName
		INJECTED from src/main/AndroidManifest.xml
		INJECTED from src/main/AndroidManifest.xml
	xmlns:android
		ADDED from src/main/AndroidManifest.xml:2:11-69
	android:versionCode
		INJECTED from src/main/AndroidManifest.xml
		INJECTED from src/main/AndroidManifest.xml
uses-permission#android.permission.GET_ACCOUNTS
ADDED from src/main/AndroidManifest.xml:6:5-71
	android:name
		ADDED from src/main/AndroidManifest.xml:6:22-68
uses-permission#android.permission.READ_PROFILE
ADDED from src/main/AndroidManifest.xml:7:5-71
	android:name
		ADDED from src/main/AndroidManifest.xml:7:22-68
uses-permission#android.permission.READ_CONTACTS
ADDED from src/main/AndroidManifest.xml:8:5-72
	android:name
		ADDED from src/main/AndroidManifest.xml:8:22-69
uses-permission#android.permission.INTERNET
ADDED from src/main/AndroidManifest.xml:9:5-67
MERGED from [myHuaBa:vitamio:unspecified] AndroidManifest.xml:12:5-67
	android:name
		ADDED from src/main/AndroidManifest.xml:9:22-64
uses-permission#android.permission.WAKE_LOCK
ADDED from src/main/AndroidManifest.xml:10:5-68
MERGED from [myHuaBa:vitamio:unspecified] AndroidManifest.xml:11:5-68
	android:name
		ADDED from src/main/AndroidManifest.xml:10:22-65
uses-permission#android.permission.ACCESS_NETWORK_STATE
ADDED from src/main/AndroidManifest.xml:11:5-79
MERGED from [myHuaBa:vitamio:unspecified] AndroidManifest.xml:13:5-79
	android:name
		ADDED from src/main/AndroidManifest.xml:11:22-76
uses-permission#android.permission.READ_EXTERNAL_STORAGE
ADDED from src/main/AndroidManifest.xml:12:5-80
	android:name
		ADDED from src/main/AndroidManifest.xml:12:22-77
uses-permission#android.permission.WRITE_EXTERNAL_STORAGE
ADDED from src/main/AndroidManifest.xml:13:5-81
	android:name
		ADDED from src/main/AndroidManifest.xml:13:22-78
application
ADDED from src/main/AndroidManifest.xml:15:5-179:19
MERGED from [myHuaBa:vitamio:unspecified] AndroidManifest.xml:15:5-22:19
MERGED from [myHuaBa:library:unspecified] AndroidManifest.xml:11:5-13:41
MERGED from [com.android.support:support-v4:23.4.0] AndroidManifest.xml:22:5-20
MERGED from [com.android.support:design:23.4.0] AndroidManifest.xml:22:5-20
MERGED from [com.android.support:support-v4:23.4.0] AndroidManifest.xml:22:5-20
MERGED from [com.android.support:appcompat-v7:23.4.0] AndroidManifest.xml:25:5-20
MERGED from [com.android.support:animated-vector-drawable:23.4.0] AndroidManifest.xml:7:5-20
MERGED from [com.android.support:support-vector-drawable:23.4.0] AndroidManifest.xml:7:5-20
MERGED from [com.android.support:support-v4:23.4.0] AndroidManifest.xml:22:5-20
MERGED from [com.android.support:support-v4:23.4.0] AndroidManifest.xml:22:5-20
MERGED from [com.android.support:support-vector-drawable:23.4.0] AndroidManifest.xml:7:5-20
MERGED from [com.android.support:support-v4:23.4.0] AndroidManifest.xml:22:5-20
MERGED from [com.android.support:support-v4:23.4.0] AndroidManifest.xml:22:5-20
MERGED from [com.android.support:appcompat-v7:23.4.0] AndroidManifest.xml:25:5-20
MERGED from [com.android.support:animated-vector-drawable:23.4.0] AndroidManifest.xml:7:5-20
MERGED from [com.android.support:support-vector-drawable:23.4.0] AndroidManifest.xml:7:5-20
MERGED from [com.android.support:support-v4:23.4.0] AndroidManifest.xml:22:5-20
MERGED from [com.android.support:support-v4:23.4.0] AndroidManifest.xml:22:5-20
MERGED from [com.android.support:support-vector-drawable:23.4.0] AndroidManifest.xml:7:5-20
MERGED from [com.android.support:support-v4:23.4.0] AndroidManifest.xml:22:5-20
MERGED from [com.android.support:palette-v7:23.4.0] AndroidManifest.xml:22:5-23:19
MERGED from [com.android.support:support-v4:23.4.0] AndroidManifest.xml:22:5-20
MERGED from [com.android.support:cardview-v7:23.4.0] AndroidManifest.xml:22:5-20
MERGED from [com.android.support:support-v4:23.4.0] AndroidManifest.xml:22:5-20
MERGED from [com.android.support:appcompat-v7:23.4.0] AndroidManifest.xml:25:5-20
MERGED from [com.android.support:animated-vector-drawable:23.4.0] AndroidManifest.xml:7:5-20
MERGED from [com.android.support:support-vector-drawable:23.4.0] AndroidManifest.xml:7:5-20
MERGED from [com.android.support:support-v4:23.4.0] AndroidManifest.xml:22:5-20
MERGED from [com.android.support:support-v4:23.4.0] AndroidManifest.xml:22:5-20
MERGED from [com.android.support:support-vector-drawable:23.4.0] AndroidManifest.xml:7:5-20
MERGED from [com.android.support:support-v4:23.4.0] AndroidManifest.xml:22:5-20
MERGED from [com.android.support:design:23.4.0] AndroidManifest.xml:22:5-20
MERGED from [com.android.support:support-v4:23.4.0] AndroidManifest.xml:22:5-20
MERGED from [com.android.support:appcompat-v7:23.4.0] AndroidManifest.xml:25:5-20
MERGED from [com.android.support:animated-vector-drawable:23.4.0] AndroidManifest.xml:7:5-20
MERGED from [com.android.support:support-vector-drawable:23.4.0] AndroidManifest.xml:7:5-20
MERGED from [com.android.support:support-v4:23.4.0] AndroidManifest.xml:22:5-20
MERGED from [com.android.support:support-v4:23.4.0] AndroidManifest.xml:22:5-20
MERGED from [com.android.support:support-vector-drawable:23.4.0] AndroidManifest.xml:7:5-20
MERGED from [com.android.support:support-v4:23.4.0] AndroidManifest.xml:22:5-20
MERGED from [com.android.support:support-v4:23.4.0] AndroidManifest.xml:22:5-20
MERGED from [com.android.support:support-v4:23.4.0] AndroidManifest.xml:22:5-20
MERGED from [com.android.support:appcompat-v7:23.4.0] AndroidManifest.xml:25:5-20
MERGED from [com.android.support:animated-vector-drawable:23.4.0] AndroidManifest.xml:7:5-20
MERGED from [com.android.support:support-vector-drawable:23.4.0] AndroidManifest.xml:7:5-20
MERGED from [com.android.support:support-v4:23.4.0] AndroidManifest.xml:22:5-20
MERGED from [com.android.support:support-v4:23.4.0] AndroidManifest.xml:22:5-20
MERGED from [com.android.support:support-vector-drawable:23.4.0] AndroidManifest.xml:7:5-20
MERGED from [com.android.support:support-v4:23.4.0] AndroidManifest.xml:22:5-20
MERGED from [com.android.support:support-v4:23.4.0] AndroidManifest.xml:22:5-20
MERGED from [com.android.support:support-v4:23.4.0] AndroidManifest.xml:22:5-20
MERGED from [com.android.support:support-v4:23.4.0] AndroidManifest.xml:22:5-20
MERGED from [com.android.support:support-v4:23.4.0] AndroidManifest.xml:22:5-20
	android:label
		ADDED from src/main/AndroidManifest.xml:19:9-41
	android:supportsRtl
		ADDED from src/main/AndroidManifest.xml:20:9-35
	android:targetSdkVersion
		ADDED from [myHuaBa:library:unspecified] AndroidManifest.xml:13:9-38
	android:allowBackup
		ADDED from src/main/AndroidManifest.xml:17:9-35
	android:icon
		ADDED from src/main/AndroidManifest.xml:18:9-41
	android:minSdkVersion
		ADDED from [myHuaBa:library:unspecified] AndroidManifest.xml:12:9-34
	android:theme
		ADDED from src/main/AndroidManifest.xml:21:9-40
	android:name
		ADDED from src/main/AndroidManifest.xml:16:9-41
activity#com.zyj010.huaba.ui.IndexActivity
ADDED from src/main/AndroidManifest.xml:23:9-30:20
	android:windowSoftInputMode
		ADDED from src/main/AndroidManifest.xml:25:13-64
	android:name
		ADDED from src/main/AndroidManifest.xml:24:13-45
intent-filter#android.intent.action.MAIN+android.intent.category.LAUNCHER
ADDED from src/main/AndroidManifest.xml:26:13-29:29
action#android.intent.action.MAIN
ADDED from src/main/AndroidManifest.xml:27:17-69
	android:name
		ADDED from src/main/AndroidManifest.xml:27:25-66
category#android.intent.category.LAUNCHER
ADDED from src/main/AndroidManifest.xml:28:17-77
	android:name
		ADDED from src/main/AndroidManifest.xml:28:27-74
activity#com.zyj010.huaba.ui.LoginActivity
ADDED from src/main/AndroidManifest.xml:31:9-33:49
	android:theme
		ADDED from src/main/AndroidManifest.xml:33:13-46
	android:name
		ADDED from src/main/AndroidManifest.xml:32:13-45
activity#com.zyj010.huaba.ui.RegisterAcitivity
ADDED from src/main/AndroidManifest.xml:34:9-36:49
	android:theme
		ADDED from src/main/AndroidManifest.xml:36:13-46
	android:name
		ADDED from src/main/AndroidManifest.xml:35:13-49
activity#com.zyj010.huaba.ui.forgetpassword
ADDED from src/main/AndroidManifest.xml:37:9-64
	android:name
		ADDED from src/main/AndroidManifest.xml:37:19-52
activity#com.zyj010.huaba.ui.VideoActivity
ADDED from src/main/AndroidManifest.xml:38:9-40:86
	android:configChanges
		ADDED from src/main/AndroidManifest.xml:40:13-74
	android:name
		ADDED from src/main/AndroidManifest.xml:39:13-45
activity#com.zyj010.huaba.ui.MoredrawerActivity
ADDED from src/main/AndroidManifest.xml:41:9-68
	android:name
		ADDED from src/main/AndroidManifest.xml:41:19-56
activity#com.zyj010.huaba.ui.VideoPlayActivity
ADDED from src/main/AndroidManifest.xml:42:9-46:20
	android:configChanges
		ADDED from src/main/AndroidManifest.xml:44:13-74
	android:name
		ADDED from src/main/AndroidManifest.xml:43:13-49
activity#io.vov.vitamio.activity.InitActivity
ADDED from src/main/AndroidManifest.xml:47:9-52:63
MERGED from [myHuaBa:vitamio:unspecified] AndroidManifest.xml:16:9-21:63
	android:launchMode
		ADDED from src/main/AndroidManifest.xml:50:13-43
	android:windowSoftInputMode
		ADDED from src/main/AndroidManifest.xml:52:13-60
	android:configChanges
		ADDED from src/main/AndroidManifest.xml:49:13-113
	android:theme
		ADDED from src/main/AndroidManifest.xml:51:13-60
	android:name
		ADDED from src/main/AndroidManifest.xml:48:13-64
activity#com.zyj010.huaba.ui.UploadActivity
ADDED from src/main/AndroidManifest.xml:53:9-55:72
	android:theme
		ADDED from src/main/AndroidManifest.xml:55:13-60
	android:name
		ADDED from src/main/AndroidManifest.xml:54:13-46
activity#com.zyj010.huaba.ui.filesupload
ADDED from src/main/AndroidManifest.xml:56:9-58:72
	android:theme
		ADDED from src/main/AndroidManifest.xml:58:13-60
	android:name
		ADDED from src/main/AndroidManifest.xml:57:13-43
activity#com.zyj010.huaba.ui.Video_coursesActivity
ADDED from src/main/AndroidManifest.xml:59:9-61:72
	android:theme
		ADDED from src/main/AndroidManifest.xml:61:13-60
	android:name
		ADDED from src/main/AndroidManifest.xml:60:13-53
activity#com.zyj010.huaba.ui.SetupActivity
ADDED from src/main/AndroidManifest.xml:62:9-64:72
	android:theme
		ADDED from src/main/AndroidManifest.xml:64:13-60
	android:name
		ADDED from src/main/AndroidManifest.xml:63:13-45
activity#com.zyj010.huaba.ui.AlreadydownloadActivity
ADDED from src/main/AndroidManifest.xml:65:9-67:72
	android:theme
		ADDED from src/main/AndroidManifest.xml:67:13-60
	android:name
		ADDED from src/main/AndroidManifest.xml:66:13-55
activity#com.zyj010.huaba.ui.activity_download_videoplay
ADDED from src/main/AndroidManifest.xml:68:9-70:62
	android:screenOrientation
		ADDED from src/main/AndroidManifest.xml:70:13-50
	android:name
		ADDED from src/main/AndroidManifest.xml:69:13-59
activity#cn.jpush.android.ui.PopWinActivity
ADDED from src/main/AndroidManifest.xml:74:9-77:52
	android:exported
		ADDED from src/main/AndroidManifest.xml:76:13-37
	android:theme
		ADDED from src/main/AndroidManifest.xml:77:13-49
	android:name
		ADDED from src/main/AndroidManifest.xml:75:13-62
activity#cn.jpush.android.ui.PushActivity
ADDED from src/main/AndroidManifest.xml:80:9-91:20
	android:exported
		ADDED from src/main/AndroidManifest.xml:83:13-37
	android:configChanges
		ADDED from src/main/AndroidManifest.xml:82:13-63
	android:theme
		ADDED from src/main/AndroidManifest.xml:84:13-60
	android:name
		ADDED from src/main/AndroidManifest.xml:81:13-60
intent-filter#${applicationId}+android.intent.category.DEFAULT+cn.jpush.android.ui.PushActivity
ADDED from src/main/AndroidManifest.xml:85:13-90:29
action#cn.jpush.android.ui.PushActivity
ADDED from src/main/AndroidManifest.xml:86:17-75
	android:name
		ADDED from src/main/AndroidManifest.xml:86:25-72
category#android.intent.category.DEFAULT
ADDED from src/main/AndroidManifest.xml:88:17-76
	android:name
		ADDED from src/main/AndroidManifest.xml:88:27-73
category#${applicationId}
ADDED from src/main/AndroidManifest.xml:89:17-61
	android:name
		ADDED from src/main/AndroidManifest.xml:89:27-58
		INJECTED from src/main/AndroidManifest.xml
		INJECTED from src/main/AndroidManifest.xml
		INJECTED from src/main/AndroidManifest.xml
		INJECTED from src/main/AndroidManifest.xml
service#cn.jpush.android.service.DownloadService
ADDED from src/main/AndroidManifest.xml:93:9-96:40
	android:enabled
		ADDED from src/main/AndroidManifest.xml:95:13-35
	android:exported
		ADDED from src/main/AndroidManifest.xml:96:13-37
	android:name
		ADDED from src/main/AndroidManifest.xml:94:13-68
service#cn.jpush.android.service.PushService
ADDED from src/main/AndroidManifest.xml:100:9-110:19
	android:enabled
		ADDED from src/main/AndroidManifest.xml:102:13-35
	android:exported
		ADDED from src/main/AndroidManifest.xml:103:13-37
	android:name
		ADDED from src/main/AndroidManifest.xml:101:13-64
intent-filter#cn.jpush.android.intent.PUSH_TIME+cn.jpush.android.intent.PushService+cn.jpush.android.intent.REGISTER+cn.jpush.android.intent.REPORT
ADDED from src/main/AndroidManifest.xml:104:13-109:29
action#cn.jpush.android.intent.REGISTER
ADDED from src/main/AndroidManifest.xml:105:17-75
	android:name
		ADDED from src/main/AndroidManifest.xml:105:25-72
action#cn.jpush.android.intent.REPORT
ADDED from src/main/AndroidManifest.xml:106:17-73
	android:name
		ADDED from src/main/AndroidManifest.xml:106:25-70
action#cn.jpush.android.intent.PushService
ADDED from src/main/AndroidManifest.xml:107:17-78
	android:name
		ADDED from src/main/AndroidManifest.xml:107:25-75
action#cn.jpush.android.intent.PUSH_TIME
ADDED from src/main/AndroidManifest.xml:108:17-76
	android:name
		ADDED from src/main/AndroidManifest.xml:108:25-73
service#cn.jpush.android.service.DaemonService
ADDED from src/main/AndroidManifest.xml:114:9-123:19
	android:enabled
		ADDED from src/main/AndroidManifest.xml:116:13-35
	android:exported
		ADDED from src/main/AndroidManifest.xml:117:13-36
	android:name
		ADDED from src/main/AndroidManifest.xml:115:13-66
intent-filter#${applicationId}+cn.jpush.android.intent.DaemonService
ADDED from src/main/AndroidManifest.xml:118:13-122:29
action#cn.jpush.android.intent.DaemonService
ADDED from src/main/AndroidManifest.xml:119:17-80
	android:name
		ADDED from src/main/AndroidManifest.xml:119:25-77
receiver#cn.jpush.android.service.PushReceiver
ADDED from src/main/AndroidManifest.xml:126:9-145:20
	android:enabled
		ADDED from src/main/AndroidManifest.xml:128:13-35
	android:exported
		ADDED from src/main/AndroidManifest.xml:129:13-37
	android:name
		ADDED from src/main/AndroidManifest.xml:127:13-65
intent-filter#${applicationId}+cn.jpush.android.intent.NOTIFICATION_RECEIVED_PROXY
ADDED from src/main/AndroidManifest.xml:130:13-133:29
	android:priority
		ADDED from src/main/AndroidManifest.xml:130:28-51
action#cn.jpush.android.intent.NOTIFICATION_RECEIVED_PROXY
ADDED from src/main/AndroidManifest.xml:131:17-94
	android:name
		ADDED from src/main/AndroidManifest.xml:131:25-91
intent-filter#android.intent.action.USER_PRESENT+android.net.conn.CONNECTIVITY_CHANGE
ADDED from src/main/AndroidManifest.xml:134:13-137:29
action#android.intent.action.USER_PRESENT
ADDED from src/main/AndroidManifest.xml:135:17-77
	android:name
		ADDED from src/main/AndroidManifest.xml:135:25-74
action#android.net.conn.CONNECTIVITY_CHANGE
ADDED from src/main/AndroidManifest.xml:136:17-79
	android:name
		ADDED from src/main/AndroidManifest.xml:136:25-76
intent-filter#android.intent.action.PACKAGE_ADDED+android.intent.action.PACKAGE_REMOVED
ADDED from src/main/AndroidManifest.xml:139:13-144:29
action#android.intent.action.PACKAGE_ADDED
ADDED from src/main/AndroidManifest.xml:140:17-78
	android:name
		ADDED from src/main/AndroidManifest.xml:140:25-75
action#android.intent.action.PACKAGE_REMOVED
ADDED from src/main/AndroidManifest.xml:141:17-80
	android:name
		ADDED from src/main/AndroidManifest.xml:141:25-77
data
ADDED from src/main/AndroidManifest.xml:143:17-50
	android:scheme
		ADDED from src/main/AndroidManifest.xml:143:23-47
receiver#cn.jpush.android.service.AlarmReceiver
ADDED from src/main/AndroidManifest.xml:148:9-150:40
	android:exported
		ADDED from src/main/AndroidManifest.xml:150:13-37
	android:name
		ADDED from src/main/AndroidManifest.xml:149:13-66
meta-data#JPUSH_CHANNEL
ADDED from src/main/AndroidManifest.xml:152:9-154:49
	android:value
		ADDED from src/main/AndroidManifest.xml:154:13-46
	android:name
		ADDED from src/main/AndroidManifest.xml:153:13-41
meta-data#JPUSH_APPKEY
ADDED from src/main/AndroidManifest.xml:156:9-158:56
	android:value
		ADDED from src/main/AndroidManifest.xml:158:13-53
	android:name
		ADDED from src/main/AndroidManifest.xml:157:13-40
meta-data#BUG_HD_SDK_GENERAL_KEY
ADDED from src/main/AndroidManifest.xml:159:9-161:64
	android:value
		ADDED from src/main/AndroidManifest.xml:161:13-61
	android:name
		ADDED from src/main/AndroidManifest.xml:160:13-50
receiver#com.zyj010.huaba.JPushReceiver
ADDED from src/main/AndroidManifest.xml:164:9-178:20
	android:enabled
		ADDED from src/main/AndroidManifest.xml:166:13-35
	android:exported
		ADDED from src/main/AndroidManifest.xml:167:13-37
	android:name
		ADDED from src/main/AndroidManifest.xml:165:13-42
intent-filter#${applicationId}+cn.jpush.android.intent.ACTION_RICHPUSH_CALLBACK+cn.jpush.android.intent.CONNECTION+cn.jpush.android.intent.MESSAGE_RECEIVED+cn.jpush.android.intent.NOTIFICATION_OPENED+cn.jpush.android.intent.NOTIFICATION_RECEIVED+cn.jpush.android.intent.REGISTRATION+cn.jpush.android.intent.UNREGISTRATION
ADDED from src/main/AndroidManifest.xml:168:13-177:29
action#cn.jpush.android.intent.REGISTRATION
ADDED from src/main/AndroidManifest.xml:169:17-79
	android:name
		ADDED from src/main/AndroidManifest.xml:169:25-76
action#cn.jpush.android.intent.UNREGISTRATION
ADDED from src/main/AndroidManifest.xml:170:17-81
	android:name
		ADDED from src/main/AndroidManifest.xml:170:25-78
action#cn.jpush.android.intent.MESSAGE_RECEIVED
ADDED from src/main/AndroidManifest.xml:171:17-83
	android:name
		ADDED from src/main/AndroidManifest.xml:171:25-80
action#cn.jpush.android.intent.NOTIFICATION_RECEIVED
ADDED from src/main/AndroidManifest.xml:172:17-88
	android:name
		ADDED from src/main/AndroidManifest.xml:172:25-85
action#cn.jpush.android.intent.NOTIFICATION_OPENED
ADDED from src/main/AndroidManifest.xml:173:17-86
	android:name
		ADDED from src/main/AndroidManifest.xml:173:25-83
action#cn.jpush.android.intent.ACTION_RICHPUSH_CALLBACK
ADDED from src/main/AndroidManifest.xml:174:17-91
	android:name
		ADDED from src/main/AndroidManifest.xml:174:25-88
action#cn.jpush.android.intent.CONNECTION
ADDED from src/main/AndroidManifest.xml:175:17-77
	android:name
		ADDED from src/main/AndroidManifest.xml:175:25-74
uses-sdk
INJECTED from src/main/AndroidManifest.xml reason: use-sdk injection requested
MERGED from [myHuaBa:vitamio:unspecified] AndroidManifest.xml:7:5-9:41
MERGED from [myHuaBa:library:unspecified] AndroidManifest.xml:7:5-9:41
MERGED from [com.android.support:support-v4:23.4.0] AndroidManifest.xml:20:5-43
MERGED from [com.android.support:design:23.4.0] AndroidManifest.xml:20:5-43
MERGED from [com.android.support:recyclerview-v7:23.4.0] AndroidManifest.xml:20:5-43
MERGED from [com.android.support:support-v4:23.4.0] AndroidManifest.xml:20:5-43
MERGED from [com.android.support:appcompat-v7:23.4.0] AndroidManifest.xml:21:5-23:78
MERGED from [com.android.support:animated-vector-drawable:23.4.0] AndroidManifest.xml:5:5-44
MERGED from [com.android.support:support-vector-drawable:23.4.0] AndroidManifest.xml:5:5-43
MERGED from [com.android.support:support-v4:23.4.0] AndroidManifest.xml:20:5-43
MERGED from [com.android.support:support-v4:23.4.0] AndroidManifest.xml:20:5-43
MERGED from [com.android.support:support-vector-drawable:23.4.0] AndroidManifest.xml:5:5-43
MERGED from [com.android.support:support-v4:23.4.0] AndroidManifest.xml:20:5-43
MERGED from [com.android.support:support-v4:23.4.0] AndroidManifest.xml:20:5-43
MERGED from [com.android.support:appcompat-v7:23.4.0] AndroidManifest.xml:21:5-23:78
MERGED from [com.android.support:animated-vector-drawable:23.4.0] AndroidManifest.xml:5:5-44
MERGED from [com.android.support:support-vector-drawable:23.4.0] AndroidManifest.xml:5:5-43
MERGED from [com.android.support:support-v4:23.4.0] AndroidManifest.xml:20:5-43
MERGED from [com.android.support:support-v4:23.4.0] AndroidManifest.xml:20:5-43
MERGED from [com.android.support:support-vector-drawable:23.4.0] AndroidManifest.xml:5:5-43
MERGED from [com.android.support:support-v4:23.4.0] AndroidManifest.xml:20:5-43
MERGED from [com.android.support:palette-v7:23.4.0] AndroidManifest.xml:20:5-43
MERGED from [com.android.support:support-v4:23.4.0] AndroidManifest.xml:20:5-43
MERGED from [com.android.support:cardview-v7:23.4.0] AndroidManifest.xml:20:5-43
MERGED from [io.reactivex:rxandroid:1.1.0] AndroidManifest.xml:19:5-43
MERGED from [com.jakewharton.rxbinding:rxbinding:0.4.0] AndroidManifest.xml:6:5-44
MERGED from [io.reactivex:rxandroid:1.1.0] AndroidManifest.xml:19:5-43
MERGED from [com.jakewharton.rxbinding:rxbinding-support-v4:0.4.0] AndroidManifest.xml:6:5-44
MERGED from [com.android.support:support-v4:23.4.0] AndroidManifest.xml:20:5-43
MERGED from [com.jakewharton.rxbinding:rxbinding:0.4.0] AndroidManifest.xml:6:5-44
MERGED from [io.reactivex:rxandroid:1.1.0] AndroidManifest.xml:19:5-43
MERGED from [com.jakewharton.rxbinding:rxbinding-appcompat-v7:0.4.0] AndroidManifest.xml:6:5-44
MERGED from [com.jakewharton.rxbinding:rxbinding:0.4.0] AndroidManifest.xml:6:5-44
MERGED from [io.reactivex:rxandroid:1.1.0] AndroidManifest.xml:19:5-43
MERGED from [com.android.support:appcompat-v7:23.4.0] AndroidManifest.xml:21:5-23:78
MERGED from [com.android.support:animated-vector-drawable:23.4.0] AndroidManifest.xml:5:5-44
MERGED from [com.android.support:support-vector-drawable:23.4.0] AndroidManifest.xml:5:5-43
MERGED from [com.android.support:support-v4:23.4.0] AndroidManifest.xml:20:5-43
MERGED from [com.android.support:support-v4:23.4.0] AndroidManifest.xml:20:5-43
MERGED from [com.android.support:support-vector-drawable:23.4.0] AndroidManifest.xml:5:5-43
MERGED from [com.android.support:support-v4:23.4.0] AndroidManifest.xml:20:5-43
MERGED from [com.jakewharton.rxbinding:rxbinding-design:0.4.0] AndroidManifest.xml:6:5-44
MERGED from [com.jakewharton.rxbinding:rxbinding:0.4.0] AndroidManifest.xml:6:5-44
MERGED from [io.reactivex:rxandroid:1.1.0] AndroidManifest.xml:19:5-43
MERGED from [com.android.support:design:23.4.0] AndroidManifest.xml:20:5-43
MERGED from [com.android.support:recyclerview-v7:23.4.0] AndroidManifest.xml:20:5-43
MERGED from [com.android.support:support-v4:23.4.0] AndroidManifest.xml:20:5-43
MERGED from [com.android.support:appcompat-v7:23.4.0] AndroidManifest.xml:21:5-23:78
MERGED from [com.android.support:animated-vector-drawable:23.4.0] AndroidManifest.xml:5:5-44
MERGED from [com.android.support:support-vector-drawable:23.4.0] AndroidManifest.xml:5:5-43
MERGED from [com.android.support:support-v4:23.4.0] AndroidManifest.xml:20:5-43
MERGED from [com.android.support:support-v4:23.4.0] AndroidManifest.xml:20:5-43
MERGED from [com.android.support:support-vector-drawable:23.4.0] AndroidManifest.xml:5:5-43
MERGED from [com.android.support:support-v4:23.4.0] AndroidManifest.xml:20:5-43
MERGED from [com.android.support:support-v4:23.4.0] AndroidManifest.xml:20:5-43
MERGED from [com.jakewharton.rxbinding:rxbinding-recyclerview-v7:0.4.0] AndroidManifest.xml:6:5-44
MERGED from [com.jakewharton.rxbinding:rxbinding:0.4.0] AndroidManifest.xml:6:5-44
MERGED from [io.reactivex:rxandroid:1.1.0] AndroidManifest.xml:19:5-43
MERGED from [com.android.support:recyclerview-v7:23.4.0] AndroidManifest.xml:20:5-43
MERGED from [com.android.support:support-v4:23.4.0] AndroidManifest.xml:20:5-43
MERGED from [com.trello:rxlifecycle:0.6.1] AndroidManifest.xml:17:5-44
MERGED from [com.jakewharton.rxbinding:rxbinding:0.4.0] AndroidManifest.xml:6:5-44
MERGED from [io.reactivex:rxandroid:1.1.0] AndroidManifest.xml:19:5-43
MERGED from [com.trello:rxlifecycle-components:0.6.1] AndroidManifest.xml:17:5-44
MERGED from [com.trello:rxlifecycle:0.6.1] AndroidManifest.xml:17:5-44
MERGED from [com.jakewharton.rxbinding:rxbinding:0.4.0] AndroidManifest.xml:6:5-44
MERGED from [io.reactivex:rxandroid:1.1.0] AndroidManifest.xml:19:5-43
MERGED from [com.android.support:appcompat-v7:23.4.0] AndroidManifest.xml:21:5-23:78
MERGED from [com.android.support:animated-vector-drawable:23.4.0] AndroidManifest.xml:5:5-44
MERGED from [com.android.support:support-vector-drawable:23.4.0] AndroidManifest.xml:5:5-43
MERGED from [com.android.support:support-v4:23.4.0] AndroidManifest.xml:20:5-43
MERGED from [com.android.support:support-v4:23.4.0] AndroidManifest.xml:20:5-43
MERGED from [com.android.support:support-vector-drawable:23.4.0] AndroidManifest.xml:5:5-43
MERGED from [com.android.support:support-v4:23.4.0] AndroidManifest.xml:20:5-43
MERGED from [im.fir:fir-sdk:1.3.7] AndroidManifest.xml:6:5-8:41
MERGED from [com.android.databinding:library:1.1] AndroidManifest.xml:22:5-24:41
MERGED from [com.android.support:support-v4:23.4.0] AndroidManifest.xml:20:5-43
MERGED from [com.android.databinding:adapters:1.1] AndroidManifest.xml:22:5-24:41
MERGED from [com.android.databinding:library:1.1] AndroidManifest.xml:22:5-24:41
MERGED from [com.android.support:support-v4:23.4.0] AndroidManifest.xml:20:5-43
MERGED from [com.android.databinding:library:1.1] AndroidManifest.xml:22:5-24:41
MERGED from [com.android.support:support-v4:23.4.0] AndroidManifest.xml:20:5-43
MERGED from [com.android.databinding:adapters:1.1] AndroidManifest.xml:22:5-24:41
MERGED from [com.android.databinding:library:1.1] AndroidManifest.xml:22:5-24:41
MERGED from [com.android.support:support-v4:23.4.0] AndroidManifest.xml:20:5-43
	tools:overrideLibrary
		ADDED from [com.android.support:appcompat-v7:23.4.0] AndroidManifest.xml:23:9-75
	android:targetSdkVersion
		INJECTED from src/main/AndroidManifest.xml
		INJECTED from src/main/AndroidManifest.xml
	android:minSdkVersion
		INJECTED from src/main/AndroidManifest.xml
		INJECTED from src/main/AndroidManifest.xml